  [1m[35m (569.0ms)[0m  [1m[35mCREATE DATABASE "nomster_development" ENCODING = 'unicode'[0m
  ↳ /Users/austinwalker/.rbenv/versions/2.3.7/bin/rake:22
  [1m[35m (408.5ms)[0m  [1m[35mCREATE DATABASE "nomster_test" ENCODING = 'unicode'[0m
  ↳ /Users/austinwalker/.rbenv/versions/2.3.7/bin/rake:22
  [1m[35m (56.9ms)[0m  [1m[35mCREATE TABLE "schema_migrations" ("version" character varying NOT NULL PRIMARY KEY)[0m
  ↳ /Users/austinwalker/.rbenv/versions/2.3.7/bin/rake:22
  [1m[35m (6.2ms)[0m  [1m[35mCREATE TABLE "ar_internal_metadata" ("key" character varying NOT NULL PRIMARY KEY, "value" character varying, "created_at" timestamp NOT NULL, "updated_at" timestamp NOT NULL)[0m
  ↳ /Users/austinwalker/.rbenv/versions/2.3.7/bin/rake:22
  [1m[35m (0.9ms)[0m  [1m[34mSELECT pg_try_advisory_lock(859144650181445985)[0m
  ↳ /Users/austinwalker/.rbenv/versions/2.3.7/bin/rake:22
  [1m[35m (1.7ms)[0m  [1m[34mSELECT "schema_migrations"."version" FROM "schema_migrations" ORDER BY "schema_migrations"."version" ASC[0m
  ↳ /Users/austinwalker/.rbenv/versions/2.3.7/bin/rake:22
Migrating to CreatePlaces (20190731151730)
  [1m[35m (0.1ms)[0m  [1m[35mBEGIN[0m
  ↳ /Users/austinwalker/.rbenv/versions/2.3.7/bin/rake:22
  [1m[35m (12.9ms)[0m  [1m[35mCREATE TABLE "places" ("id" bigserial primary key, "name" character varying, "description" text, "address" character varying, "created_at" timestamp NOT NULL, "updated_at" timestamp NOT NULL)[0m
  ↳ db/migrate/20190731151730_create_places.rb:3
  [1m[36mActiveRecord::SchemaMigration Create (3.6ms)[0m  [1m[32mINSERT INTO "schema_migrations" ("version") VALUES ($1) RETURNING "version"[0m  [["version", "20190731151730"]]
  ↳ /Users/austinwalker/.rbenv/versions/2.3.7/bin/rake:22
  [1m[35m (0.5ms)[0m  [1m[35mCOMMIT[0m
  ↳ /Users/austinwalker/.rbenv/versions/2.3.7/bin/rake:22
  [1m[36mActiveRecord::InternalMetadata Load (0.9ms)[0m  [1m[34mSELECT  "ar_internal_metadata".* FROM "ar_internal_metadata" WHERE "ar_internal_metadata"."key" = $1 LIMIT $2[0m  [["key", "environment"], ["LIMIT", 1]]
  ↳ /Users/austinwalker/.rbenv/versions/2.3.7/bin/rake:22
  [1m[35m (0.2ms)[0m  [1m[35mBEGIN[0m
  ↳ /Users/austinwalker/.rbenv/versions/2.3.7/bin/rake:22
  [1m[36mActiveRecord::InternalMetadata Create (1.9ms)[0m  [1m[32mINSERT INTO "ar_internal_metadata" ("key", "value", "created_at", "updated_at") VALUES ($1, $2, $3, $4) RETURNING "key"[0m  [["key", "environment"], ["value", "development"], ["created_at", "2019-07-31 15:19:59.269299"], ["updated_at", "2019-07-31 15:19:59.269299"]]
  ↳ /Users/austinwalker/.rbenv/versions/2.3.7/bin/rake:22
  [1m[35m (0.8ms)[0m  [1m[35mCOMMIT[0m
  ↳ /Users/austinwalker/.rbenv/versions/2.3.7/bin/rake:22
  [1m[35m (0.3ms)[0m  [1m[34mSELECT pg_advisory_unlock(859144650181445985)[0m
  ↳ /Users/austinwalker/.rbenv/versions/2.3.7/bin/rake:22
  [1m[35m (0.3ms)[0m  [1m[34mSELECT "schema_migrations"."version" FROM "schema_migrations" ORDER BY "schema_migrations"."version" ASC[0m
  ↳ /Users/austinwalker/.rbenv/versions/2.3.7/bin/rake:22
  [1m[35m (0.1ms)[0m  [1m[35mBEGIN[0m
  [1m[36mPlace Create (2.7ms)[0m  [1m[32mINSERT INTO "places" ("name", "description", "address", "created_at", "updated_at") VALUES ($1, $2, $3, $4, $5) RETURNING "id"[0m  [["name", "Pizza Nomster"], ["description", "Best Pizza in Cambridge. Their Crust is to diefor!"], ["address", "2 Main street, Cambridge, MA 02139"], ["created_at", "2019-07-31 15:25:43.084363"], ["updated_at", "2019-07-31 15:25:43.084363"]]
  [1m[35m (0.5ms)[0m  [1m[35mCOMMIT[0m
  [1m[35m (1.3ms)[0m  [1m[34mSELECT pg_try_advisory_lock(859144650181445985)[0m
  ↳ /Users/austinwalker/.rbenv/versions/2.3.7/bin/rake:22
  [1m[35m (0.9ms)[0m  [1m[34mSELECT "schema_migrations"."version" FROM "schema_migrations" ORDER BY "schema_migrations"."version" ASC[0m
  ↳ /Users/austinwalker/.rbenv/versions/2.3.7/bin/rake:22
Migrating to AlterPlacesAddUserIdColumn (20190802155334)
  [1m[35m (0.2ms)[0m  [1m[35mBEGIN[0m
  ↳ /Users/austinwalker/.rbenv/versions/2.3.7/bin/rake:22
  [1m[35m (6.3ms)[0m  [1m[35mALTER TABLE "place" ADD "user_id" integer[0m
  ↳ db/migrate/20190802155334_alter_places_add_user_id_column.rb:3
  [1m[35m (0.2ms)[0m  [1m[31mROLLBACK[0m
  ↳ /Users/austinwalker/.rbenv/versions/2.3.7/bin/rake:22
  [1m[35m (0.2ms)[0m  [1m[34mSELECT pg_advisory_unlock(859144650181445985)[0m
  ↳ /Users/austinwalker/.rbenv/versions/2.3.7/bin/rake:22
  [1m[35m (0.3ms)[0m  [1m[34mSELECT pg_try_advisory_lock(859144650181445985)[0m
  ↳ /Users/austinwalker/.rbenv/versions/2.3.7/bin/rake:22
  [1m[35m (0.8ms)[0m  [1m[34mSELECT "schema_migrations"."version" FROM "schema_migrations" ORDER BY "schema_migrations"."version" ASC[0m
  ↳ /Users/austinwalker/.rbenv/versions/2.3.7/bin/rake:22
Migrating to AlterPlacesAddUserIdColumn (20190802155334)
  [1m[35m (0.2ms)[0m  [1m[35mBEGIN[0m
  ↳ /Users/austinwalker/.rbenv/versions/2.3.7/bin/rake:22
  [1m[35m (2.5ms)[0m  [1m[35mALTER TABLE "place" ADD "user_id" integer[0m
  ↳ db/migrate/20190802155334_alter_places_add_user_id_column.rb:3
  [1m[35m (0.2ms)[0m  [1m[31mROLLBACK[0m
  ↳ /Users/austinwalker/.rbenv/versions/2.3.7/bin/rake:22
  [1m[35m (0.3ms)[0m  [1m[34mSELECT pg_advisory_unlock(859144650181445985)[0m
  ↳ /Users/austinwalker/.rbenv/versions/2.3.7/bin/rake:22
